
 ⛅️ wrangler 4.87.0
───────────────────
✨ Compiled Worker successfully
Your Worker has access to the following bindings:
Binding                                                                             Resource                  Mode
env.KV (KV)                                                                         KV Namespace              local
env.DB (local-DB)                                                                   D1 Database               local
env.CF_PAGES ("1")                                                                  Environment Variable      local
env.CF_PAGES_BRANCH ("jules-8086837194482099386-a41a9dbc")                          Environment Variable      local
env.CF_PAGES_COMMIT_SHA ("0fde7ed308a34c289198a9a448a1d9ed09f61...")                Environment Variable      local
env.CF_PAGES_URL ("https://0fde7ed.expense-tracker.pages...")                       Environment Variable      local
env.NEXT_PUBLIC_APP_URL ("https://spendwise-b3u.pages.dev")                         Environment Variable      local
env.NEXT_PUBLIC_SUPABASE_URL ("https://ltxerejwklqpzprlkvlf.supabase...")           Environment Variable      local
env.NEXT_PUBLIC_SUPABASE_ANON_KEY ("eyJhbGciOiJIUzI1NiIsInR5cCI6IkpXVCJ9....")      Environment Variable      local
env.JWT_SECRET ("spendwise_super_secure_jwt_key_2026_xyz")                          Environment Variable      local

⎔ Starting local server...

[31m✘ [41;31m[[41;97mERROR[41;31m][0m [1mThe Workers runtime failed to start. There is likely additional logging output above.[0m


[32mIf you think this is a bug then please create an issue at https://github.com/cloudflare/workers-sdk/issues/new/choose[0m
? Would you like to report this error to Cloudflare? Wrangler's output and the error details will be shared with the Wrangler team to help us diagnose and fix the issue.
🤖 Using fallback value in non-interactive context: no
*** Fatal uncaught kj::Exception: kj/async-io-unix.c++:945: failed: ::bind(sockfd, &addr.generic, addrlen): Address already in use; toString() = 127.0.0.1:8788
stack: /app/node_modules/.pnpm/@cloudflare+workerd-linux-64@1.20260430.1/node_modules/@cloudflare/workerd-linux-64/bin/workerd@51d8856 /app/node_modules/.pnpm/@cloudflare+workerd-linux-64@1.20260430.1/node_modules/@cloudflare/workerd-linux-64/bin/workerd@51d8629 /app/node_modules/.pnpm/@cloudflare+workerd-linux-64@1.20260430.1/node_modules/@cloudflare/workerd-linux-64/bin/workerd@51d6b1d /app/node_modules/.pnpm/@cloudflare+workerd-linux-64@1.20260430.1/node_modules/@cloudflare/workerd-linux-64/bin/workerd@202650c /app/node_modules/.pnpm/@cloudflare+workerd-linux-64@1.20260430.1/node_modules/@cloudflare/workerd-linux-64/bin/workerd@2026e71 /app/node_modules/.pnpm/@cloudflare+workerd-linux-64@1.20260430.1/node_modules/@cloudflare/workerd-linux-64/bin/workerd@202799d /app/node_modules/.pnpm/@cloudflare+workerd-linux-64@1.20260430.1/node_modules/@cloudflare/workerd-linux-64/bin/workerd@202901a /app/node_modules/.pnpm/@cloudflare+workerd-linux-64@1.20260430.1/node_modules/@cloudflare/workerd-linux-64/bin/workerd@1f7b289 /app/node_modules/.pnpm/@cloudflare+workerd-linux-64@1.20260430.1/node_modules/@cloudflare/workerd-linux-64/bin/workerd@520c535 /app/node_modules/.pnpm/@cloudflare+workerd-linux-64@1.20260430.1/node_modules/@cloudflare/workerd-linux-64/bin/workerd@520ca58 /app/node_modules/.pnpm/@cloudflare+workerd-linux-64@1.20260430.1/node_modules/@cloudflare/workerd-linux-64/bin/workerd@520a51e /app/node_modules/.pnpm/@cloudflare+workerd-linux-64@1.20260430.1/node_modules/@cloudflare/workerd-linux-64/bin/workerd@520a31e /app/node_modules/.pnpm/@cloudflare+workerd-linux-64@1.20260430.1/node_modules/@cloudflare/workerd-linux-64/bin/workerd@1f62d15 /lib/x86_64-linux-gnu/libc.so.6@2a1c9 /lib/x86_64-linux-gnu/libc.so.6@2a28a /app/node_modules/.pnpm/@cloudflare+workerd-linux-64@1.20260430.1/node_modules/@cloudflare/workerd-linux-64/bin/workerd@1f62024
🪵  Logs were written to "/home/jules/.config/.wrangler/logs/wrangler-2026-05-02_03-53-02_357.log"
